/*C3*/SET SCHEMA PUBLIC
alter table products drop constraint FK_gr7umwb4evxuiwcalch9xe4dv
drop table products if exists
drop table stores if exists
drop table users if exists
create table products (id bigint generated by default as identity (start with 1), name varchar(255) not null, price double not null, store bigint not null, primary key (id))
create table stores (id bigint generated by default as identity (start with 1), primary key (id))
create table users (id bigint generated by default as identity (start with 1), city varchar(255) not null, password varchar(255) not null, username varchar(255) not null, primary key (id))
alter table users add constraint UK_r53o2ojjw4fikudfnsuuga336  unique (password)
alter table users add constraint UK_r43af9ap4edm43mmtq01oddj6  unique (username)
alter table products add constraint FK_gr7umwb4evxuiwcalch9xe4dv foreign key (store) references stores on delete cascade
INSERT INTO STORES VALUES(1)
COMMIT
INSERT INTO USERS VALUES(1,'city0','password0','username0')
COMMIT
INSERT INTO PRODUCTS VALUES(1,'product0',0.0E0,1)
COMMIT
INSERT INTO USERS VALUES(2,'city1','password1','username1')
COMMIT
INSERT INTO PRODUCTS VALUES(2,'product1',1.0E0,1)
COMMIT
INSERT INTO USERS VALUES(3,'city2','password2','username2')
COMMIT
INSERT INTO PRODUCTS VALUES(3,'product2',2.0E0,1)
COMMIT
INSERT INTO USERS VALUES(4,'city3','password3','username3')
COMMIT
INSERT INTO PRODUCTS VALUES(4,'product3',3.0E0,1)
COMMIT
INSERT INTO USERS VALUES(5,'city4','password4','username4')
COMMIT
INSERT INTO PRODUCTS VALUES(5,'product4',4.0E0,1)
COMMIT
INSERT INTO USERS VALUES(6,'city5','password5','username5')
COMMIT
INSERT INTO PRODUCTS VALUES(6,'product5',5.0E0,1)
COMMIT
INSERT INTO USERS VALUES(7,'city6','password6','username6')
COMMIT
INSERT INTO PRODUCTS VALUES(7,'product6',6.0E0,1)
COMMIT
INSERT INTO USERS VALUES(8,'city7','password7','username7')
COMMIT
INSERT INTO PRODUCTS VALUES(8,'product7',7.0E0,1)
COMMIT
INSERT INTO USERS VALUES(9,'city8','password8','username8')
COMMIT
INSERT INTO PRODUCTS VALUES(9,'product8',8.0E0,1)
COMMIT
INSERT INTO USERS VALUES(10,'city9','password9','username9')
COMMIT
INSERT INTO PRODUCTS VALUES(10,'product9',9.0E0,1)
COMMIT
INSERT INTO USERS VALUES(11,'city10','password10','username10')
COMMIT
INSERT INTO PRODUCTS VALUES(11,'product10',10.0E0,1)
COMMIT
INSERT INTO USERS VALUES(12,'city11','password11','username11')
COMMIT
INSERT INTO PRODUCTS VALUES(12,'product11',11.0E0,1)
COMMIT
INSERT INTO USERS VALUES(13,'city12','password12','username12')
COMMIT
INSERT INTO PRODUCTS VALUES(13,'product12',12.0E0,1)
COMMIT
INSERT INTO USERS VALUES(14,'city13','password13','username13')
COMMIT
INSERT INTO PRODUCTS VALUES(14,'product13',13.0E0,1)
COMMIT
INSERT INTO USERS VALUES(15,'city14','password14','username14')
COMMIT
INSERT INTO PRODUCTS VALUES(15,'product14',14.0E0,1)
COMMIT
INSERT INTO USERS VALUES(16,'city15','password15','username15')
COMMIT
INSERT INTO PRODUCTS VALUES(16,'product15',15.0E0,1)
COMMIT
INSERT INTO USERS VALUES(17,'city16','password16','username16')
COMMIT
INSERT INTO PRODUCTS VALUES(17,'product16',16.0E0,1)
COMMIT
INSERT INTO USERS VALUES(18,'city17','password17','username17')
COMMIT
INSERT INTO PRODUCTS VALUES(18,'product17',17.0E0,1)
COMMIT
INSERT INTO USERS VALUES(19,'city18','password18','username18')
COMMIT
INSERT INTO PRODUCTS VALUES(19,'product18',18.0E0,1)
COMMIT
INSERT INTO USERS VALUES(20,'city19','password19','username19')
COMMIT
INSERT INTO PRODUCTS VALUES(20,'product19',19.0E0,1)
COMMIT
INSERT INTO USERS VALUES(21,'city20','password20','username20')
COMMIT
INSERT INTO PRODUCTS VALUES(21,'product20',20.0E0,1)
COMMIT
INSERT INTO USERS VALUES(22,'city21','password21','username21')
COMMIT
INSERT INTO PRODUCTS VALUES(22,'product21',21.0E0,1)
COMMIT
INSERT INTO USERS VALUES(23,'city22','password22','username22')
COMMIT
INSERT INTO PRODUCTS VALUES(23,'product22',22.0E0,1)
COMMIT
INSERT INTO USERS VALUES(24,'city23','password23','username23')
COMMIT
INSERT INTO PRODUCTS VALUES(24,'product23',23.0E0,1)
COMMIT
INSERT INTO USERS VALUES(25,'city24','password24','username24')
COMMIT
INSERT INTO PRODUCTS VALUES(25,'product24',24.0E0,1)
COMMIT
INSERT INTO USERS VALUES(26,'city25','password25','username25')
COMMIT
INSERT INTO PRODUCTS VALUES(26,'product25',25.0E0,1)
COMMIT
INSERT INTO USERS VALUES(27,'city26','password26','username26')
COMMIT
INSERT INTO PRODUCTS VALUES(27,'product26',26.0E0,1)
COMMIT
INSERT INTO USERS VALUES(28,'city27','password27','username27')
COMMIT
INSERT INTO PRODUCTS VALUES(28,'product27',27.0E0,1)
COMMIT
INSERT INTO USERS VALUES(29,'city28','password28','username28')
COMMIT
INSERT INTO PRODUCTS VALUES(29,'product28',28.0E0,1)
COMMIT
INSERT INTO USERS VALUES(30,'city29','password29','username29')
COMMIT
INSERT INTO PRODUCTS VALUES(30,'product29',29.0E0,1)
COMMIT
INSERT INTO USERS VALUES(31,'city30','password30','username30')
COMMIT
INSERT INTO PRODUCTS VALUES(31,'product30',30.0E0,1)
COMMIT
INSERT INTO USERS VALUES(32,'city31','password31','username31')
COMMIT
INSERT INTO PRODUCTS VALUES(32,'product31',31.0E0,1)
COMMIT
INSERT INTO USERS VALUES(33,'city32','password32','username32')
COMMIT
INSERT INTO PRODUCTS VALUES(33,'product32',32.0E0,1)
COMMIT
INSERT INTO USERS VALUES(34,'city33','password33','username33')
COMMIT
INSERT INTO PRODUCTS VALUES(34,'product33',33.0E0,1)
COMMIT
INSERT INTO USERS VALUES(35,'city34','password34','username34')
COMMIT
INSERT INTO PRODUCTS VALUES(35,'product34',34.0E0,1)
COMMIT
INSERT INTO USERS VALUES(36,'city35','password35','username35')
COMMIT
INSERT INTO PRODUCTS VALUES(36,'product35',35.0E0,1)
COMMIT
INSERT INTO USERS VALUES(37,'city36','password36','username36')
COMMIT
INSERT INTO PRODUCTS VALUES(37,'product36',36.0E0,1)
COMMIT
INSERT INTO USERS VALUES(38,'city37','password37','username37')
COMMIT
INSERT INTO PRODUCTS VALUES(38,'product37',37.0E0,1)
COMMIT
INSERT INTO USERS VALUES(39,'city38','password38','username38')
COMMIT
INSERT INTO PRODUCTS VALUES(39,'product38',38.0E0,1)
COMMIT
INSERT INTO USERS VALUES(40,'city39','password39','username39')
COMMIT
INSERT INTO PRODUCTS VALUES(40,'product39',39.0E0,1)
COMMIT
INSERT INTO USERS VALUES(41,'city40','password40','username40')
COMMIT
INSERT INTO PRODUCTS VALUES(41,'product40',40.0E0,1)
COMMIT
INSERT INTO USERS VALUES(42,'city41','password41','username41')
COMMIT
INSERT INTO PRODUCTS VALUES(42,'product41',41.0E0,1)
COMMIT
INSERT INTO USERS VALUES(43,'city42','password42','username42')
COMMIT
INSERT INTO PRODUCTS VALUES(43,'product42',42.0E0,1)
COMMIT
INSERT INTO USERS VALUES(44,'city43','password43','username43')
COMMIT
INSERT INTO PRODUCTS VALUES(44,'product43',43.0E0,1)
COMMIT
INSERT INTO USERS VALUES(45,'city44','password44','username44')
COMMIT
INSERT INTO PRODUCTS VALUES(45,'product44',44.0E0,1)
COMMIT
INSERT INTO USERS VALUES(46,'city45','password45','username45')
COMMIT
INSERT INTO PRODUCTS VALUES(46,'product45',45.0E0,1)
COMMIT
INSERT INTO USERS VALUES(47,'city46','password46','username46')
COMMIT
INSERT INTO PRODUCTS VALUES(47,'product46',46.0E0,1)
COMMIT
INSERT INTO USERS VALUES(48,'city47','password47','username47')
COMMIT
INSERT INTO PRODUCTS VALUES(48,'product47',47.0E0,1)
COMMIT
INSERT INTO USERS VALUES(49,'city48','password48','username48')
COMMIT
INSERT INTO PRODUCTS VALUES(49,'product48',48.0E0,1)
COMMIT
INSERT INTO USERS VALUES(50,'city49','password49','username49')
COMMIT
INSERT INTO PRODUCTS VALUES(50,'product49',49.0E0,1)
COMMIT
INSERT INTO USERS VALUES(51,'city50','password50','username50')
COMMIT
INSERT INTO PRODUCTS VALUES(51,'product50',50.0E0,1)
COMMIT
INSERT INTO USERS VALUES(52,'city51','password51','username51')
COMMIT
INSERT INTO PRODUCTS VALUES(52,'product51',51.0E0,1)
COMMIT
INSERT INTO USERS VALUES(53,'city52','password52','username52')
COMMIT
INSERT INTO PRODUCTS VALUES(53,'product52',52.0E0,1)
COMMIT
INSERT INTO USERS VALUES(54,'city53','password53','username53')
COMMIT
INSERT INTO PRODUCTS VALUES(54,'product53',53.0E0,1)
COMMIT
INSERT INTO USERS VALUES(55,'city54','password54','username54')
COMMIT
INSERT INTO PRODUCTS VALUES(55,'product54',54.0E0,1)
COMMIT
INSERT INTO USERS VALUES(56,'city55','password55','username55')
COMMIT
INSERT INTO PRODUCTS VALUES(56,'product55',55.0E0,1)
COMMIT
INSERT INTO USERS VALUES(57,'city56','password56','username56')
COMMIT
INSERT INTO PRODUCTS VALUES(57,'product56',56.0E0,1)
COMMIT
INSERT INTO USERS VALUES(58,'city57','password57','username57')
COMMIT
INSERT INTO PRODUCTS VALUES(58,'product57',57.0E0,1)
COMMIT
INSERT INTO USERS VALUES(59,'city58','password58','username58')
COMMIT
INSERT INTO PRODUCTS VALUES(59,'product58',58.0E0,1)
COMMIT
INSERT INTO USERS VALUES(60,'city59','password59','username59')
COMMIT
INSERT INTO PRODUCTS VALUES(60,'product59',59.0E0,1)
COMMIT
INSERT INTO USERS VALUES(61,'city60','password60','username60')
COMMIT
INSERT INTO PRODUCTS VALUES(61,'product60',60.0E0,1)
COMMIT
INSERT INTO USERS VALUES(62,'city61','password61','username61')
COMMIT
INSERT INTO PRODUCTS VALUES(62,'product61',61.0E0,1)
COMMIT
INSERT INTO USERS VALUES(63,'city62','password62','username62')
COMMIT
INSERT INTO PRODUCTS VALUES(63,'product62',62.0E0,1)
COMMIT
INSERT INTO USERS VALUES(64,'city63','password63','username63')
COMMIT
INSERT INTO PRODUCTS VALUES(64,'product63',63.0E0,1)
COMMIT
INSERT INTO USERS VALUES(65,'city64','password64','username64')
COMMIT
INSERT INTO PRODUCTS VALUES(65,'product64',64.0E0,1)
COMMIT
INSERT INTO USERS VALUES(66,'city65','password65','username65')
COMMIT
INSERT INTO PRODUCTS VALUES(66,'product65',65.0E0,1)
COMMIT
INSERT INTO USERS VALUES(67,'city66','password66','username66')
COMMIT
INSERT INTO PRODUCTS VALUES(67,'product66',66.0E0,1)
COMMIT
INSERT INTO USERS VALUES(68,'city67','password67','username67')
COMMIT
INSERT INTO PRODUCTS VALUES(68,'product67',67.0E0,1)
COMMIT
INSERT INTO USERS VALUES(69,'city68','password68','username68')
COMMIT
INSERT INTO PRODUCTS VALUES(69,'product68',68.0E0,1)
COMMIT
INSERT INTO USERS VALUES(70,'city69','password69','username69')
COMMIT
INSERT INTO PRODUCTS VALUES(70,'product69',69.0E0,1)
COMMIT
INSERT INTO USERS VALUES(71,'city70','password70','username70')
COMMIT
INSERT INTO PRODUCTS VALUES(71,'product70',70.0E0,1)
COMMIT
INSERT INTO USERS VALUES(72,'city71','password71','username71')
COMMIT
INSERT INTO PRODUCTS VALUES(72,'product71',71.0E0,1)
COMMIT
INSERT INTO USERS VALUES(73,'city72','password72','username72')
COMMIT
INSERT INTO PRODUCTS VALUES(73,'product72',72.0E0,1)
COMMIT
INSERT INTO USERS VALUES(74,'city73','password73','username73')
COMMIT
INSERT INTO PRODUCTS VALUES(74,'product73',73.0E0,1)
COMMIT
INSERT INTO USERS VALUES(75,'city74','password74','username74')
COMMIT
INSERT INTO PRODUCTS VALUES(75,'product74',74.0E0,1)
COMMIT
INSERT INTO USERS VALUES(76,'city75','password75','username75')
COMMIT
INSERT INTO PRODUCTS VALUES(76,'product75',75.0E0,1)
COMMIT
INSERT INTO USERS VALUES(77,'city76','password76','username76')
COMMIT
INSERT INTO PRODUCTS VALUES(77,'product76',76.0E0,1)
COMMIT
INSERT INTO USERS VALUES(78,'city77','password77','username77')
COMMIT
INSERT INTO PRODUCTS VALUES(78,'product77',77.0E0,1)
COMMIT
INSERT INTO USERS VALUES(79,'city78','password78','username78')
COMMIT
INSERT INTO PRODUCTS VALUES(79,'product78',78.0E0,1)
COMMIT
INSERT INTO USERS VALUES(80,'city79','password79','username79')
COMMIT
INSERT INTO PRODUCTS VALUES(80,'product79',79.0E0,1)
COMMIT
INSERT INTO USERS VALUES(81,'city80','password80','username80')
COMMIT
INSERT INTO PRODUCTS VALUES(81,'product80',80.0E0,1)
COMMIT
INSERT INTO USERS VALUES(82,'city81','password81','username81')
COMMIT
INSERT INTO PRODUCTS VALUES(82,'product81',81.0E0,1)
COMMIT
INSERT INTO USERS VALUES(83,'city82','password82','username82')
COMMIT
INSERT INTO PRODUCTS VALUES(83,'product82',82.0E0,1)
COMMIT
INSERT INTO USERS VALUES(84,'city83','password83','username83')
COMMIT
INSERT INTO PRODUCTS VALUES(84,'product83',83.0E0,1)
COMMIT
INSERT INTO USERS VALUES(85,'city84','password84','username84')
COMMIT
INSERT INTO PRODUCTS VALUES(85,'product84',84.0E0,1)
COMMIT
INSERT INTO USERS VALUES(86,'city85','password85','username85')
COMMIT
INSERT INTO PRODUCTS VALUES(86,'product85',85.0E0,1)
COMMIT
INSERT INTO USERS VALUES(87,'city86','password86','username86')
COMMIT
INSERT INTO PRODUCTS VALUES(87,'product86',86.0E0,1)
COMMIT
INSERT INTO USERS VALUES(88,'city87','password87','username87')
COMMIT
INSERT INTO PRODUCTS VALUES(88,'product87',87.0E0,1)
COMMIT
INSERT INTO USERS VALUES(89,'city88','password88','username88')
COMMIT
INSERT INTO PRODUCTS VALUES(89,'product88',88.0E0,1)
COMMIT
INSERT INTO USERS VALUES(90,'city89','password89','username89')
COMMIT
INSERT INTO PRODUCTS VALUES(90,'product89',89.0E0,1)
COMMIT
INSERT INTO USERS VALUES(91,'city90','password90','username90')
COMMIT
INSERT INTO PRODUCTS VALUES(91,'product90',90.0E0,1)
COMMIT
INSERT INTO USERS VALUES(92,'city91','password91','username91')
COMMIT
INSERT INTO PRODUCTS VALUES(92,'product91',91.0E0,1)
COMMIT
INSERT INTO USERS VALUES(93,'city92','password92','username92')
COMMIT
INSERT INTO PRODUCTS VALUES(93,'product92',92.0E0,1)
COMMIT
INSERT INTO USERS VALUES(94,'city93','password93','username93')
COMMIT
INSERT INTO PRODUCTS VALUES(94,'product93',93.0E0,1)
COMMIT
INSERT INTO USERS VALUES(95,'city94','password94','username94')
COMMIT
INSERT INTO PRODUCTS VALUES(95,'product94',94.0E0,1)
COMMIT
INSERT INTO USERS VALUES(96,'city95','password95','username95')
COMMIT
INSERT INTO PRODUCTS VALUES(96,'product95',95.0E0,1)
COMMIT
INSERT INTO USERS VALUES(97,'city96','password96','username96')
COMMIT
INSERT INTO PRODUCTS VALUES(97,'product96',96.0E0,1)
COMMIT
INSERT INTO USERS VALUES(98,'city97','password97','username97')
COMMIT
INSERT INTO PRODUCTS VALUES(98,'product97',97.0E0,1)
COMMIT
INSERT INTO USERS VALUES(99,'city98','password98','username98')
COMMIT
INSERT INTO PRODUCTS VALUES(99,'product98',98.0E0,1)
COMMIT
INSERT INTO USERS VALUES(100,'city99','password99','username99')
COMMIT
INSERT INTO PRODUCTS VALUES(100,'product99',99.0E0,1)
COMMIT
