/*C5*/SET SCHEMA PUBLIC
drop table products if exists
drop table shops if exists
drop table users if exists
create table products (code integer not null, available boolean not null, category varchar(255) not null, description varchar(255), manufacturer varchar(255) not null, name varchar(255) not null, price integer not null, primary key (code))
create table shops (id integer generated by default as identity (start with 1), address varchar(255), email varchar(255) not null, name varchar(255) not null, password varchar(255) not null, username varchar(255) not null, primary key (id))
create table users (id integer generated by default as identity (start with 1), email varchar(255) not null, name varchar(255) not null, password varchar(255) not null, surname varchar(255) not null, username varchar(255) not null, primary key (id))
alter table products add constraint UK_o61fmio5yukmmiqgnxf8pnavn  unique (name)
alter table shops add constraint UK_3ciw6e8uttpdhvm56p44sx7xf  unique (email)
alter table shops add constraint UK_ar5yyuartm46e1brh920fpfiv  unique (name)
alter table shops add constraint UK_adxccx0a01fkus4e0b1j6s5g4  unique (username)
alter table users add constraint UK_6dotkott2kjsp8vw4d0m25fb7  unique (email)
alter table users add constraint UK_r43af9ap4edm43mmtq01oddj6  unique (username)
/*C6*/SET SCHEMA PUBLIC
drop table products if exists
drop table shops if exists
drop table users if exists
create table products (code integer not null, available boolean not null, category varchar(255) not null, description varchar(255), manufacturer varchar(255) not null, name varchar(255) not null, price integer not null, primary key (code))
create table shops (id integer generated by default as identity (start with 1), address varchar(255), email varchar(255) not null, name varchar(255) not null, password varchar(255) not null, username varchar(255) not null, primary key (id))
create table users (id integer generated by default as identity (start with 1), email varchar(255) not null, name varchar(255) not null, password varchar(255) not null, surname varchar(255) not null, username varchar(255) not null, primary key (id))
alter table products add constraint UK_o61fmio5yukmmiqgnxf8pnavn  unique (name)
alter table shops add constraint UK_3ciw6e8uttpdhvm56p44sx7xf  unique (email)
alter table shops add constraint UK_ar5yyuartm46e1brh920fpfiv  unique (name)
alter table shops add constraint UK_adxccx0a01fkus4e0b1j6s5g4  unique (username)
alter table users add constraint UK_6dotkott2kjsp8vw4d0m25fb7  unique (email)
alter table users add constraint UK_r43af9ap4edm43mmtq01oddj6  unique (username)
/*C7*/SET SCHEMA PUBLIC
drop table products if exists
drop table shops if exists
drop table users if exists
create table products (code integer not null, available boolean not null, category varchar(255) not null, description varchar(255), manufacturer varchar(255) not null, name varchar(255) not null, price integer not null, primary key (code))
create table shops (id integer generated by default as identity (start with 1), address varchar(255), email varchar(255) not null, name varchar(255) not null, password varchar(255) not null, username varchar(255) not null, primary key (id))
create table users (id integer generated by default as identity (start with 1), email varchar(255) not null, name varchar(255) not null, password varchar(255) not null, surname varchar(255) not null, username varchar(255) not null, primary key (id))
alter table products add constraint UK_o61fmio5yukmmiqgnxf8pnavn  unique (name)
alter table shops add constraint UK_3ciw6e8uttpdhvm56p44sx7xf  unique (email)
alter table shops add constraint UK_ar5yyuartm46e1brh920fpfiv  unique (name)
alter table shops add constraint UK_adxccx0a01fkus4e0b1j6s5g4  unique (username)
alter table users add constraint UK_6dotkott2kjsp8vw4d0m25fb7  unique (email)
alter table users add constraint UK_r43af9ap4edm43mmtq01oddj6  unique (username)
/*C5*/INSERT INTO USERS VALUES(1,'email0.com','0name','password0','0surname','username0')
COMMIT
INSERT INTO USERS VALUES(2,'email1.com','1name','password1','1surname','username1')
COMMIT
INSERT INTO USERS VALUES(3,'email2.com','2name','password2','2surname','username2')
COMMIT
INSERT INTO USERS VALUES(4,'email3.com','3name','password3','3surname','username3')
COMMIT
INSERT INTO USERS VALUES(5,'email4.com','4name','password4','4surname','username4')
COMMIT
INSERT INTO USERS VALUES(6,'email5.com','5name','password5','5surname','username5')
COMMIT
INSERT INTO USERS VALUES(7,'email6.com','6name','password6','6surname','username6')
COMMIT
INSERT INTO USERS VALUES(8,'email7.com','7name','password7','7surname','username7')
COMMIT
INSERT INTO USERS VALUES(9,'email8.com','8name','password8','8surname','username8')
COMMIT
INSERT INTO USERS VALUES(10,'email9.com','9name','password9','9surname','username9')
COMMIT
INSERT INTO USERS VALUES(11,'email10.com','10name','password10','10surname','username10')
COMMIT
INSERT INTO USERS VALUES(12,'email11.com','11name','password11','11surname','username11')
COMMIT
INSERT INTO USERS VALUES(13,'email12.com','12name','password12','12surname','username12')
COMMIT
INSERT INTO USERS VALUES(14,'email13.com','13name','password13','13surname','username13')
COMMIT
INSERT INTO USERS VALUES(15,'email14.com','14name','password14','14surname','username14')
COMMIT
INSERT INTO USERS VALUES(16,'email15.com','15name','password15','15surname','username15')
COMMIT
INSERT INTO USERS VALUES(17,'email16.com','16name','password16','16surname','username16')
COMMIT
INSERT INTO USERS VALUES(18,'email17.com','17name','password17','17surname','username17')
COMMIT
INSERT INTO USERS VALUES(19,'email18.com','18name','password18','18surname','username18')
COMMIT
INSERT INTO USERS VALUES(20,'email19.com','19name','password19','19surname','username19')
COMMIT
INSERT INTO USERS VALUES(21,'email20.com','20name','password20','20surname','username20')
COMMIT
INSERT INTO USERS VALUES(22,'email21.com','21name','password21','21surname','username21')
COMMIT
INSERT INTO USERS VALUES(23,'email22.com','22name','password22','22surname','username22')
COMMIT
INSERT INTO USERS VALUES(24,'email23.com','23name','password23','23surname','username23')
COMMIT
INSERT INTO USERS VALUES(25,'email24.com','24name','password24','24surname','username24')
COMMIT
INSERT INTO USERS VALUES(26,'email25.com','25name','password25','25surname','username25')
COMMIT
INSERT INTO USERS VALUES(27,'email26.com','26name','password26','26surname','username26')
COMMIT
INSERT INTO USERS VALUES(28,'email27.com','27name','password27','27surname','username27')
COMMIT
INSERT INTO USERS VALUES(29,'email28.com','28name','password28','28surname','username28')
COMMIT
INSERT INTO USERS VALUES(30,'email29.com','29name','password29','29surname','username29')
COMMIT
INSERT INTO USERS VALUES(31,'email30.com','30name','password30','30surname','username30')
COMMIT
INSERT INTO USERS VALUES(32,'email31.com','31name','password31','31surname','username31')
COMMIT
INSERT INTO USERS VALUES(33,'email32.com','32name','password32','32surname','username32')
COMMIT
INSERT INTO USERS VALUES(34,'email33.com','33name','password33','33surname','username33')
COMMIT
INSERT INTO USERS VALUES(35,'email34.com','34name','password34','34surname','username34')
COMMIT
INSERT INTO USERS VALUES(36,'email35.com','35name','password35','35surname','username35')
COMMIT
INSERT INTO USERS VALUES(37,'email36.com','36name','password36','36surname','username36')
COMMIT
INSERT INTO USERS VALUES(38,'email37.com','37name','password37','37surname','username37')
COMMIT
INSERT INTO USERS VALUES(39,'email38.com','38name','password38','38surname','username38')
COMMIT
INSERT INTO USERS VALUES(40,'email39.com','39name','password39','39surname','username39')
COMMIT
INSERT INTO USERS VALUES(41,'email40.com','40name','password40','40surname','username40')
COMMIT
INSERT INTO USERS VALUES(42,'email41.com','41name','password41','41surname','username41')
COMMIT
INSERT INTO USERS VALUES(43,'email42.com','42name','password42','42surname','username42')
COMMIT
INSERT INTO USERS VALUES(44,'email43.com','43name','password43','43surname','username43')
COMMIT
INSERT INTO USERS VALUES(45,'email44.com','44name','password44','44surname','username44')
COMMIT
INSERT INTO USERS VALUES(46,'email45.com','45name','password45','45surname','username45')
COMMIT
INSERT INTO USERS VALUES(47,'email46.com','46name','password46','46surname','username46')
COMMIT
INSERT INTO USERS VALUES(48,'email47.com','47name','password47','47surname','username47')
COMMIT
INSERT INTO USERS VALUES(49,'email48.com','48name','password48','48surname','username48')
COMMIT
INSERT INTO USERS VALUES(50,'email49.com','49name','password49','49surname','username49')
COMMIT
/*C6*/INSERT INTO SHOPS VALUES(1,'address0','0email.com','shop0','password0','username0')
COMMIT
INSERT INTO SHOPS VALUES(2,'address1','1email.com','shop1','password1','username1')
COMMIT
INSERT INTO SHOPS VALUES(3,'address2','2email.com','shop2','password2','username2')
COMMIT
INSERT INTO SHOPS VALUES(4,'address3','3email.com','shop3','password3','username3')
COMMIT
INSERT INTO SHOPS VALUES(5,'address4','4email.com','shop4','password4','username4')
COMMIT
INSERT INTO SHOPS VALUES(6,'address5','5email.com','shop5','password5','username5')
COMMIT
INSERT INTO SHOPS VALUES(7,'address6','6email.com','shop6','password6','username6')
COMMIT
INSERT INTO SHOPS VALUES(8,'address7','7email.com','shop7','password7','username7')
COMMIT
INSERT INTO SHOPS VALUES(9,'address8','8email.com','shop8','password8','username8')
COMMIT
INSERT INTO SHOPS VALUES(10,'address9','9email.com','shop9','password9','username9')
COMMIT
/*C7*/INSERT INTO PRODUCTS VALUES(1000,TRUE,'category0','description product0','manufacturer0','product0',0)
COMMIT
INSERT INTO PRODUCTS VALUES(1001,FALSE,'category1','description product1','manufacturer1','product1',1)
COMMIT
INSERT INTO PRODUCTS VALUES(1002,TRUE,'category2','description product2','manufacturer2','product2',2)
COMMIT
INSERT INTO PRODUCTS VALUES(1003,TRUE,'category3','description product3','manufacturer3','product3',3)
COMMIT
INSERT INTO PRODUCTS VALUES(1004,FALSE,'category4','description product4','manufacturer4','product4',4)
COMMIT
INSERT INTO PRODUCTS VALUES(1005,TRUE,'category5','description product5','manufacturer5','product5',5)
COMMIT
INSERT INTO PRODUCTS VALUES(1006,TRUE,'category6','description product6','manufacturer6','product6',6)
COMMIT
