/*C4*/SET SCHEMA PUBLIC
alter table offer drop constraint FK_cjw24a1uw5immhds1nxxc5ejo
alter table offer drop constraint FK_dk634h1mhs25cc7ns5hmfj4in
drop table offer if exists
drop table promotion if exists
drop table users if exists
create table offer (promotion_id integer not null, user_id integer not null)
create table promotion (id integer generated by default as identity (start with 1), begin_date date not null, discount integer not null, end_date date not null, primary key (id))
create table users (id integer generated by default as identity (start with 1), password varchar(255) not null, username varchar(255) not null, primary key (id))
alter table users add constraint UK_r43af9ap4edm43mmtq01oddj6  unique (username)
alter table offer add constraint FK_cjw24a1uw5immhds1nxxc5ejo foreign key (user_id) references users
alter table offer add constraint FK_dk634h1mhs25cc7ns5hmfj4in foreign key (promotion_id) references promotion
INSERT INTO USERS VALUES(1,'password0','username0')
COMMIT
INSERT INTO USERS VALUES(2,'password1','username1')
COMMIT
INSERT INTO USERS VALUES(3,'password2','username2')
COMMIT
INSERT INTO USERS VALUES(4,'password3','username3')
COMMIT
INSERT INTO USERS VALUES(5,'password4','username4')
COMMIT
INSERT INTO USERS VALUES(6,'password5','username5')
COMMIT
