/*C5*/SET SCHEMA PUBLIC
drop table products if exists
drop table stores if exists
drop table users if exists
create table products (id integer generated by default as identity (start with 1), category varchar(255) not null, discountPercentage double, idStore integer not null, name varchar(255) not null, price double not null, producer varchar(255) not null, primary key (id))
create table stores (id integer generated by default as identity (start with 1), address varchar(255) not null, city varchar(255) not null, name varchar(255) not null, primary key (id))
create table users (id integer generated by default as identity (start with 1), address varchar(255) not null, name varchar(255) not null, password varchar(255) not null, surname varchar(255) not null, username varchar(255) not null, primary key (id))
alter table users add constraint UK_r43af9ap4edm43mmtq01oddj6  unique (username)
/*C6*/SET SCHEMA PUBLIC
drop table products if exists
drop table stores if exists
drop table users if exists
create table products (id integer generated by default as identity (start with 1), category varchar(255) not null, discountPercentage double, idStore integer not null, name varchar(255) not null, price double not null, producer varchar(255) not null, primary key (id))
create table stores (id integer generated by default as identity (start with 1), address varchar(255) not null, city varchar(255) not null, name varchar(255) not null, primary key (id))
create table users (id integer generated by default as identity (start with 1), address varchar(255) not null, name varchar(255) not null, password varchar(255) not null, surname varchar(255) not null, username varchar(255) not null, primary key (id))
alter table users add constraint UK_r43af9ap4edm43mmtq01oddj6  unique (username)
/*C7*/SET SCHEMA PUBLIC
drop table products if exists
drop table stores if exists
drop table users if exists
create table products (id integer generated by default as identity (start with 1), category varchar(255) not null, discountPercentage double, idStore integer not null, name varchar(255) not null, price double not null, producer varchar(255) not null, primary key (id))
create table stores (id integer generated by default as identity (start with 1), address varchar(255) not null, city varchar(255) not null, name varchar(255) not null, primary key (id))
create table users (id integer generated by default as identity (start with 1), address varchar(255) not null, name varchar(255) not null, password varchar(255) not null, surname varchar(255) not null, username varchar(255) not null, primary key (id))
alter table users add constraint UK_r43af9ap4edm43mmtq01oddj6  unique (username)
/*C5*/INSERT INTO USERS VALUES(1,'address1','name1','password1','surname1','username1')
COMMIT
/*C6*/INSERT INTO PRODUCTS VALUES(1,'category1',3.0E0,4,'name1',2.0E0,'producer1')
COMMIT
/*C7*/INSERT INTO STORES VALUES(1,'address1','city1','name1')
COMMIT
/*C5*/INSERT INTO USERS VALUES(2,'address2','name2','password2','surname2','username2')
COMMIT
/*C6*/INSERT INTO PRODUCTS VALUES(2,'category2',4.0E0,5,'name2',3.0E0,'producer2')
COMMIT
/*C7*/INSERT INTO STORES VALUES(2,'address2','city2','name2')
COMMIT
/*C5*/INSERT INTO USERS VALUES(3,'address3','name3','password3','surname3','username3')
COMMIT
/*C6*/INSERT INTO PRODUCTS VALUES(3,'category3',5.0E0,6,'name3',4.0E0,'producer3')
COMMIT
/*C7*/INSERT INTO STORES VALUES(3,'address3','city3','name3')
COMMIT
/*C5*/INSERT INTO USERS VALUES(4,'address4','name4','password4','surname4','username4')
COMMIT
/*C6*/INSERT INTO PRODUCTS VALUES(4,'category4',6.0E0,7,'name4',5.0E0,'producer4')
COMMIT
/*C7*/INSERT INTO STORES VALUES(4,'address4','city4','name4')
COMMIT
/*C5*/INSERT INTO USERS VALUES(5,'address5','name5','password5','surname5','username5')
COMMIT
/*C6*/INSERT INTO PRODUCTS VALUES(5,'category5',7.0E0,8,'name5',6.0E0,'producer5')
COMMIT
/*C7*/INSERT INTO STORES VALUES(5,'address5','city5','name5')
COMMIT
/*C5*/INSERT INTO USERS VALUES(6,'address6','name6','password6','surname6','username6')
COMMIT
/*C6*/INSERT INTO PRODUCTS VALUES(6,'category6',8.0E0,9,'name6',7.0E0,'producer6')
COMMIT
/*C7*/INSERT INTO STORES VALUES(6,'address6','city6','name6')
COMMIT
/*C5*/INSERT INTO USERS VALUES(7,'address7','name7','password7','surname7','username7')
COMMIT
/*C6*/INSERT INTO PRODUCTS VALUES(7,'category7',9.0E0,10,'name7',8.0E0,'producer7')
COMMIT
/*C7*/INSERT INTO STORES VALUES(7,'address7','city7','name7')
COMMIT
/*C5*/INSERT INTO USERS VALUES(8,'address8','name8','password8','surname8','username8')
COMMIT
/*C6*/INSERT INTO PRODUCTS VALUES(8,'category8',10.0E0,11,'name8',9.0E0,'producer8')
COMMIT
/*C7*/INSERT INTO STORES VALUES(8,'address8','city8','name8')
COMMIT
/*C5*/INSERT INTO USERS VALUES(9,'address9','name9','password9','surname9','username9')
COMMIT
/*C6*/INSERT INTO PRODUCTS VALUES(9,'category9',11.0E0,12,'name9',10.0E0,'producer9')
COMMIT
/*C7*/INSERT INTO STORES VALUES(9,'address9','city9','name9')
COMMIT
/*C5*/INSERT INTO USERS VALUES(10,'address10','name10','password10','surname10','username10')
COMMIT
/*C6*/INSERT INTO PRODUCTS VALUES(10,'category10',12.0E0,13,'name10',11.0E0,'producer10')
COMMIT
/*C7*/INSERT INTO STORES VALUES(10,'address10','city10','name10')
COMMIT
/*C5*/INSERT INTO USERS VALUES(11,'address11','name11','password11','surname11','username11')
COMMIT
/*C6*/INSERT INTO PRODUCTS VALUES(11,'category11',13.0E0,14,'name11',12.0E0,'producer11')
COMMIT
/*C7*/INSERT INTO STORES VALUES(11,'address11','city11','name11')
COMMIT
/*C5*/INSERT INTO USERS VALUES(12,'address12','name12','password12','surname12','username12')
COMMIT
/*C6*/INSERT INTO PRODUCTS VALUES(12,'category12',14.0E0,15,'name12',13.0E0,'producer12')
COMMIT
/*C7*/INSERT INTO STORES VALUES(12,'address12','city12','name12')
COMMIT
/*C5*/INSERT INTO USERS VALUES(13,'address13','name13','password13','surname13','username13')
COMMIT
/*C6*/INSERT INTO PRODUCTS VALUES(13,'category13',15.0E0,16,'name13',14.0E0,'producer13')
COMMIT
/*C7*/INSERT INTO STORES VALUES(13,'address13','city13','name13')
COMMIT
/*C5*/INSERT INTO USERS VALUES(14,'address14','name14','password14','surname14','username14')
COMMIT
/*C6*/INSERT INTO PRODUCTS VALUES(14,'category14',16.0E0,17,'name14',15.0E0,'producer14')
COMMIT
/*C7*/INSERT INTO STORES VALUES(14,'address14','city14','name14')
COMMIT
/*C5*/INSERT INTO USERS VALUES(15,'address15','name15','password15','surname15','username15')
COMMIT
/*C6*/INSERT INTO PRODUCTS VALUES(15,'category15',17.0E0,18,'name15',16.0E0,'producer15')
COMMIT
/*C7*/INSERT INTO STORES VALUES(15,'address15','city15','name15')
COMMIT
/*C5*/INSERT INTO USERS VALUES(16,'address16','name16','password16','surname16','username16')
COMMIT
/*C6*/INSERT INTO PRODUCTS VALUES(16,'category16',18.0E0,19,'name16',17.0E0,'producer16')
COMMIT
