/*C3*/SET SCHEMA PUBLIC
alter table purchases drop constraint FK_i1u3qx30edemgvqw62gag22k4
alter table purchases drop constraint FK_3ihkl3k7om3dhg2nhrvwguafg
drop table products if exists
drop table purchases if exists
drop table users if exists
create table products (code integer not null, description varchar(255), name varchar(255) not null, price integer not null, primary key (code))
create table purchases (id integer not null, date date, product integer, user varchar(255), primary key (id))
create table users (username varchar(255) not null, dBirth date, firstName varchar(255) not null, lastName varchar(255) not null, password varchar(255) not null, primary key (username))
alter table products add constraint UK_o61fmio5yukmmiqgnxf8pnavn  unique (name)
alter table purchases add constraint FK_i1u3qx30edemgvqw62gag22k4 foreign key (product) references products on delete cascade
alter table purchases add constraint FK_3ihkl3k7om3dhg2nhrvwguafg foreign key (user) references users on delete cascade
INSERT INTO USERS VALUES('username0','1990-12-03','name0','surname0','password0')
COMMIT
INSERT INTO USERS VALUES('username1','1991-12-04','name1','surname1','password1')
COMMIT
INSERT INTO USERS VALUES('username2','1992-12-05','name2','surname2','password2')
COMMIT
INSERT INTO USERS VALUES('username3','1993-12-06','name3','surname3','password3')
COMMIT
INSERT INTO USERS VALUES('username4','1994-12-07','name4','surname4','password4')
COMMIT
INSERT INTO USERS VALUES('username5','1995-12-08','name5','surname5','password5')
COMMIT
INSERT INTO USERS VALUES('username6','1996-12-09','name6','surname6','password6')
COMMIT
INSERT INTO USERS VALUES('username7','1997-12-10','name7','surname7','password7')
COMMIT
INSERT INTO USERS VALUES('username8','1998-12-11','name8','surname8','password8')
COMMIT
INSERT INTO USERS VALUES('username9','1999-12-12','name9','surname9','password9')
COMMIT
INSERT INTO PRODUCTS VALUES(0,'description0','product0',1)
COMMIT
INSERT INTO PRODUCTS VALUES(1,'description1','product1',2)
COMMIT
INSERT INTO PRODUCTS VALUES(2,'description2','product2',3)
COMMIT
INSERT INTO PRODUCTS VALUES(3,'description3','product3',4)
COMMIT
INSERT INTO PRODUCTS VALUES(4,'description4','product4',5)
COMMIT
INSERT INTO PRODUCTS VALUES(5,'description5','product5',6)
COMMIT
INSERT INTO PRODUCTS VALUES(6,'description6','product6',7)
COMMIT
INSERT INTO PRODUCTS VALUES(7,'description7','product7',8)
COMMIT
INSERT INTO PRODUCTS VALUES(8,'description8','product8',9)
COMMIT
INSERT INTO PRODUCTS VALUES(9,'description9','product9',10)
COMMIT
INSERT INTO PRODUCTS VALUES(10,'description10','product10',11)
COMMIT
INSERT INTO PRODUCTS VALUES(11,'description11','product11',12)
COMMIT
INSERT INTO PRODUCTS VALUES(12,'description12','product12',13)
COMMIT
INSERT INTO PRODUCTS VALUES(13,'description13','product13',14)
COMMIT
INSERT INTO PRODUCTS VALUES(14,'description14','product14',15)
COMMIT
INSERT INTO PRODUCTS VALUES(15,'description15','product15',16)
COMMIT
INSERT INTO PRODUCTS VALUES(16,'description16','product16',17)
COMMIT
INSERT INTO PRODUCTS VALUES(17,'description17','product17',18)
COMMIT
INSERT INTO PRODUCTS VALUES(18,'description18','product18',19)
COMMIT
INSERT INTO PRODUCTS VALUES(19,'description19','product19',20)
COMMIT
INSERT INTO PRODUCTS VALUES(20,'description20','product20',21)
COMMIT
INSERT INTO PRODUCTS VALUES(21,'description21','product21',22)
COMMIT
INSERT INTO PRODUCTS VALUES(22,'description22','product22',23)
COMMIT
INSERT INTO PRODUCTS VALUES(23,'description23','product23',24)
COMMIT
INSERT INTO PRODUCTS VALUES(24,'description24','product24',25)
COMMIT
INSERT INTO PRODUCTS VALUES(25,'description25','product25',26)
COMMIT
INSERT INTO PRODUCTS VALUES(26,'description26','product26',27)
COMMIT
INSERT INTO PRODUCTS VALUES(27,'description27','product27',28)
COMMIT
INSERT INTO PRODUCTS VALUES(28,'description28','product28',29)
COMMIT
INSERT INTO PRODUCTS VALUES(29,'description29','product29',30)
COMMIT
INSERT INTO PURCHASES VALUES(0,'2015-12-03',0,'username0')
COMMIT
INSERT INTO PURCHASES VALUES(1,'2015-12-01',1,'username1')
COMMIT
INSERT INTO PURCHASES VALUES(2,'2015-12-03',2,'username2')
COMMIT
INSERT INTO PURCHASES VALUES(3,'2015-12-02',3,'username3')
COMMIT
INSERT INTO PURCHASES VALUES(4,'2015-12-03',4,'username4')
COMMIT
INSERT INTO PURCHASES VALUES(5,'2015-12-01',5,'username5')
COMMIT
INSERT INTO PURCHASES VALUES(6,'2015-12-03',6,'username6')
COMMIT
INSERT INTO PURCHASES VALUES(7,'2015-12-01',7,'username7')
COMMIT
INSERT INTO PURCHASES VALUES(8,'2015-12-03',8,'username8')
COMMIT
INSERT INTO PURCHASES VALUES(9,'2015-12-02',9,'username9')
COMMIT
INSERT INTO PURCHASES VALUES(10,'2015-12-03',10,'username0')
COMMIT
INSERT INTO PURCHASES VALUES(11,'2015-12-01',11,'username1')
COMMIT
INSERT INTO PURCHASES VALUES(12,'2015-12-03',12,'username2')
COMMIT
INSERT INTO PURCHASES VALUES(13,'2015-12-01',13,'username3')
COMMIT
INSERT INTO PURCHASES VALUES(14,'2015-12-03',14,'username4')
COMMIT
INSERT INTO PURCHASES VALUES(15,'2015-12-02',15,'username5')
COMMIT
INSERT INTO PURCHASES VALUES(16,'2015-12-03',16,'username6')
COMMIT
INSERT INTO PURCHASES VALUES(17,'2015-12-01',17,'username7')
COMMIT
INSERT INTO PURCHASES VALUES(18,'2015-12-03',18,'username8')
COMMIT
INSERT INTO PURCHASES VALUES(19,'2015-12-01',19,'username9')
COMMIT
INSERT INTO PURCHASES VALUES(20,'2015-12-03',20,'username0')
COMMIT
INSERT INTO PURCHASES VALUES(21,'2015-12-02',21,'username1')
COMMIT
INSERT INTO PURCHASES VALUES(22,'2015-12-03',22,'username2')
COMMIT
INSERT INTO PURCHASES VALUES(23,'2015-12-01',23,'username3')
COMMIT
INSERT INTO PURCHASES VALUES(24,'2015-12-03',24,'username4')
COMMIT
INSERT INTO PURCHASES VALUES(25,'2015-12-01',25,'username5')
COMMIT
INSERT INTO PURCHASES VALUES(26,'2015-12-03',26,'username6')
COMMIT
INSERT INTO PURCHASES VALUES(27,'2015-12-02',27,'username7')
COMMIT
INSERT INTO PURCHASES VALUES(28,'2015-12-03',28,'username8')
COMMIT
INSERT INTO PURCHASES VALUES(29,'2015-12-01',29,'username9')
COMMIT
INSERT INTO PURCHASES VALUES(30,'2015-12-03',0,'username0')
COMMIT
INSERT INTO PURCHASES VALUES(31,'2015-12-01',1,'username1')
COMMIT
INSERT INTO PURCHASES VALUES(32,'2015-12-03',2,'username2')
COMMIT
INSERT INTO PURCHASES VALUES(33,'2015-12-02',3,'username3')
COMMIT
INSERT INTO PURCHASES VALUES(34,'2015-12-03',4,'username4')
COMMIT
INSERT INTO PURCHASES VALUES(35,'2015-12-01',5,'username5')
COMMIT
INSERT INTO PURCHASES VALUES(36,'2015-12-03',6,'username6')
COMMIT
INSERT INTO PURCHASES VALUES(37,'2015-12-01',7,'username7')
COMMIT
INSERT INTO PURCHASES VALUES(38,'2015-12-03',8,'username8')
COMMIT
INSERT INTO PURCHASES VALUES(39,'2015-12-02',9,'username9')
COMMIT
INSERT INTO PURCHASES VALUES(40,'2015-12-03',10,'username0')
COMMIT
INSERT INTO PURCHASES VALUES(41,'2015-12-01',11,'username1')
COMMIT
INSERT INTO PURCHASES VALUES(42,'2015-12-03',12,'username2')
COMMIT
INSERT INTO PURCHASES VALUES(43,'2015-12-01',13,'username3')
COMMIT
INSERT INTO PURCHASES VALUES(44,'2015-12-03',14,'username4')
COMMIT
INSERT INTO PURCHASES VALUES(45,'2015-12-02',15,'username5')
COMMIT
INSERT INTO PURCHASES VALUES(46,'2015-12-03',16,'username6')
COMMIT
INSERT INTO PURCHASES VALUES(47,'2015-12-01',17,'username7')
COMMIT
INSERT INTO PURCHASES VALUES(48,'2015-12-03',18,'username8')
COMMIT
INSERT INTO PURCHASES VALUES(49,'2015-12-01',19,'username9')
COMMIT
INSERT INTO PURCHASES VALUES(100,'1970-01-01',0,'username0')
COMMIT
DELETE FROM PURCHASES WHERE ID=100
COMMIT
