/*C3*/SET SCHEMA PUBLIC
alter table purchases drop constraint FK_i1u3qx30edemgvqw62gag22k4
alter table purchases drop constraint FK_3ihkl3k7om3dhg2nhrvwguafg
drop table products if exists
drop table purchases if exists
drop table users if exists
create table products (id integer generated by default as identity (start with 1), category varchar(255), price double not null, prodname varchar(255) not null, primary key (id))
create table purchases (id integer generated by default as identity (start with 1), date date not null, product integer, user integer, primary key (id))
create table users (id integer generated by default as identity (start with 1), birth_date date not null, firstname varchar(255) not null, password varchar(255) not null, secondname varchar(255) not null, username varchar(255) not null, primary key (id))
alter table products add constraint UK_jh5mhxwm2hg8b2bgsmvptbag1  unique (prodname)
alter table users add constraint UK_r43af9ap4edm43mmtq01oddj6  unique (username)
alter table purchases add constraint FK_i1u3qx30edemgvqw62gag22k4 foreign key (product) references products on delete cascade
alter table purchases add constraint FK_3ihkl3k7om3dhg2nhrvwguafg foreign key (user) references users on delete cascade
INSERT INTO USERS VALUES(1,'1980-01-01','nome0','password0','cognome0','username0')
COMMIT
INSERT INTO USERS VALUES(2,'1981-02-02','nome1','password1','cognome1','username1')
COMMIT
INSERT INTO USERS VALUES(3,'1982-03-03','nome2','password2','cognome2','username2')
COMMIT
INSERT INTO USERS VALUES(4,'1983-04-04','nome3','password3','cognome3','username3')
COMMIT
INSERT INTO USERS VALUES(5,'1984-05-05','nome4','password4','cognome4','username4')
COMMIT
INSERT INTO USERS VALUES(6,'1985-06-06','nome5','password5','cognome5','username5')
COMMIT
INSERT INTO USERS VALUES(7,'1986-07-07','nome6','password6','cognome6','username6')
COMMIT
INSERT INTO USERS VALUES(8,'1987-08-08','nome7','password7','cognome7','username7')
COMMIT
INSERT INTO USERS VALUES(9,'1988-09-09','nome8','password8','cognome8','username8')
COMMIT
INSERT INTO USERS VALUES(10,'1989-10-10','nome9','password9','cognome9','username9')
COMMIT
INSERT INTO USERS VALUES(11,'1990-11-11','nome10','password10','cognome10','username10')
COMMIT
INSERT INTO USERS VALUES(12,'1991-12-12','nome11','password11','cognome11','username11')
COMMIT
INSERT INTO USERS VALUES(13,'1992-01-13','nome12','password12','cognome12','username12')
COMMIT
INSERT INTO USERS VALUES(14,'1993-02-14','nome13','password13','cognome13','username13')
COMMIT
INSERT INTO USERS VALUES(15,'1994-03-15','nome14','password14','cognome14','username14')
COMMIT
INSERT INTO USERS VALUES(16,'1995-04-16','nome15','password15','cognome15','username15')
COMMIT
INSERT INTO USERS VALUES(17,'1996-05-17','nome16','password16','cognome16','username16')
COMMIT
INSERT INTO USERS VALUES(18,'1997-06-18','nome17','password17','cognome17','username17')
COMMIT
INSERT INTO USERS VALUES(19,'1998-07-19','nome18','password18','cognome18','username18')
COMMIT
INSERT INTO USERS VALUES(20,'1999-08-20','nome19','password19','cognome19','username19')
COMMIT
INSERT INTO USERS VALUES(21,'1980-09-21','nome20','password20','cognome20','username20')
COMMIT
INSERT INTO USERS VALUES(22,'1981-10-22','nome21','password21','cognome21','username21')
COMMIT
INSERT INTO USERS VALUES(23,'1982-11-23','nome22','password22','cognome22','username22')
COMMIT
INSERT INTO USERS VALUES(24,'1983-12-24','nome23','password23','cognome23','username23')
COMMIT
INSERT INTO USERS VALUES(25,'1984-01-25','nome24','password24','cognome24','username24')
COMMIT
